{
  "run_id": "7eb9c85b-ba8d-4ffe-bd7b-292a8183a224",
  "started_at": "2026-01-19T08:58:13.522748Z",
  "finished_at": "2026-01-19T08:58:16.549556Z",
  "duration_seconds": 3.026808,
  "environment": {
    "python_version": "3.11.14",
    "platform": "Linux-6.6.87.2-microsoft-standard-WSL2-x86_64-with-glibc2.41"
  },
  "before": {
    "tests": {
      "passed": false,
      "return_code": 1,
      "output": "FFFFFFFFFFFFFFF..                                                        [100%]\n=================================== FAILURES ===================================\n______________________ TestBasicCases.test_single_square _______________________\ntests/test_solution.py:33: in test_single_square\n    assert abs(result - 5.0) < 1e-4\nE   assert 6.0 < 0.0001\nE    +  where 6.0 = abs((-1.0 - 5.0))\n___________________ TestBasicCases.test_two_squares_stacked ____________________\ntests/test_solution.py:42: in test_two_squares_stacked\n    assert abs(result - 10.0) < 1e-4\nE   assert 11.0 < 0.0001\nE    +  where 11.0 = abs((-1.0 - 10.0))\n_________________ TestBasicCases.test_two_squares_side_by_side _________________\ntests/test_solution.py:51: in test_two_squares_side_by_side\n    assert abs(result - 5.0) < 1e-4\nE   assert 6.0 < 0.0001\nE    +  where 6.0 = abs((-1.0 - 5.0))\n_______________________ TestBasicCases.test_empty_input ________________________\ntests/test_solution.py:56: in test_empty_input\n    assert result == 0.0\nE   assert -1.0 == 0.0\n______________ TestOverlappingCases.test_two_overlapping_squares _______________\ntests/test_solution.py:67: in test_two_overlapping_squares\n    assert 5.0 <= result <= 10.0\nE   assert 5.0 <= -1.0\n_______________ TestOverlappingCases.test_fully_contained_square _______________\ntests/test_solution.py:76: in test_fully_contained_square\n    assert abs(result - 10.0) < 1e-3\nE   assert 11.0 < 0.001\nE    +  where 11.0 = abs((-1.0 - 10.0))\n_____________ TestOverlappingCases.test_three_overlapping_squares ______________\ntests/test_solution.py:86: in test_three_overlapping_squares\n    assert 0.0 <= result <= 15.0\nE   assert 0.0 <= -1.0\n__________________ TestComplexGeometries.test_grid_of_squares __________________\ntests/test_solution.py:97: in test_grid_of_squares\n    assert 2.0 <= result <= 4.0\nE   assert 2.0 <= -1.0\n______________ TestComplexGeometries.test_l_shaped_configuration _______________\ntests/test_solution.py:107: in test_l_shaped_configuration\n    assert 0.0 <= result <= 10.0\nE   assert 0.0 <= -1.0\n________________ TestComplexGeometries.test_many_small_squares _________________\ntests/test_solution.py:116: in test_many_small_squares\n    assert 2.0 <= result <= 7.0\nE   assert 2.0 <= -1.0\n____________________ TestEdgeCases.test_single_point_square ____________________\ntests/test_solution.py:124: in test_single_point_square\n    assert abs(result - 0.0005) < 1e-3\nE   assert 1.0005 < 0.001\nE    +  where 1.0005 = abs((-1.0 - 0.0005))\n_____________________ TestEdgeCases.test_very_large_square _____________________\ntests/test_solution.py:130: in test_very_large_square\n    assert abs(result - 500.0) < 0.1\nE   assert 501.0 < 0.1\nE    +  where 501.0 = abs((-1.0 - 500.0))\n___________________ TestEdgeCases.test_negative_coordinates ____________________\ntests/test_solution.py:136: in test_negative_coordinates\n    assert abs(result - 0.0) < 1e-3\nE   assert 1.0 < 0.001\nE    +  where 1.0 = abs((-1.0 - 0.0))\n___________________ TestEdgeCases.test_precision_requirement ___________________\ntests/test_solution.py:143: in test_precision_requirement\n    assert abs(result - expected) < 1e-4\nE   assert 51.0 < 0.0001\nE    +  where 51.0 = abs((-1.0 - 50.0))\n_______________ TestFunctionalCorrectness.test_area_conservation _______________\ntests/test_solution.py:154: in test_area_conservation\n    assert 0.0 <= result <= 18.0\nE   assert 0.0 <= -1.0\n=========================== short test summary info ============================\nFAILED tests/test_solution.py::TestBasicCases::test_single_square - assert 6....\nFAILED tests/test_solution.py::TestBasicCases::test_two_squares_stacked - ass...\nFAILED tests/test_solution.py::TestBasicCases::test_two_squares_side_by_side\nFAILED tests/test_solution.py::TestBasicCases::test_empty_input - assert -1.0...\nFAILED tests/test_solution.py::TestOverlappingCases::test_two_overlapping_squares\nFAILED tests/test_solution.py::TestOverlappingCases::test_fully_contained_square\nFAILED tests/test_solution.py::TestOverlappingCases::test_three_overlapping_squares\nFAILED tests/test_solution.py::TestComplexGeometries::test_grid_of_squares - ...\nFAILED tests/test_solution.py::TestComplexGeometries::test_l_shaped_configuration\nFAILED tests/test_solution.py::TestComplexGeometries::test_many_small_squares\nFAILED tests/test_solution.py::TestEdgeCases::test_single_point_square - asse...\nFAILED tests/test_solution.py::TestEdgeCases::test_very_large_square - assert...\nFAILED tests/test_solution.py::TestEdgeCases::test_negative_coordinates - ass...\nFAILED tests/test_solution.py::TestEdgeCases::test_precision_requirement - as...\nFAILED tests/test_solution.py::TestFunctionalCorrectness::test_area_conservation\n15 failed, 2 passed in 0.79s\n",
      "test_counts": {
        "total": 17,
        "passed": 2,
        "failed": 15
      }
    },
    "metrics": {}
  },
  "after": {
    "tests": {
      "passed": true,
      "return_code": 0,
      "output": ".................                                                        [100%]\n17 passed in 0.40s\n",
      "test_counts": {
        "total": 17,
        "passed": 17,
        "failed": 0
      }
    },
    "metrics": {}
  },
  "comparison": {
    "passed_gate": true,
    "improvement_summary": "After implementation: 17/17 tests passed (improved from 2/17 passed, 15 failed in before)",
    "before_test_summary": "2 passed, 15 failed out of 17 total",
    "after_test_summary": "17 passed, 0 failed out of 17 total"
  },
  "success": true,
  "error": null
}